<?xml version="1.0" encoding="utf-8"?><testsuites name="pytest tests"><testsuite name="pytest" errors="0" failures="1" skipped="0" tests="17" time="4.526" timestamp="2026-02-20T03:57:48.997427+00:00" hostname="agent-env-5a17e876-1d5a-42c8-bd9e-1886a4b891b1"><testcase classname="backend.tests.test_bulk_import.TestBulkImportSetup" name="test_health_check" time="0.173" /><testcase classname="backend.tests.test_bulk_import.TestTemplateDownload" name="test_download_residents_template" time="0.520" /><testcase classname="backend.tests.test_bulk_import.TestTemplateDownload" name="test_download_attendings_template" time="0.101" /><testcase classname="backend.tests.test_bulk_import.TestTemplateDownload" name="test_download_invalid_entity_type" time="0.123" /><testcase classname="backend.tests.test_bulk_import.TestTemplateDownload" name="test_download_without_auth" time="0.128" /><testcase classname="backend.tests.test_bulk_import.TestPreviewImport" name="test_preview_valid_residents_csv" time="0.504" /><testcase classname="backend.tests.test_bulk_import.TestPreviewImport" name="test_preview_valid_attendings_csv" time="0.107" /><testcase classname="backend.tests.test_bulk_import.TestPreviewImport" name="test_preview_csv_with_missing_required_fields" time="0.101" /><testcase classname="backend.tests.test_bulk_import.TestPreviewImport" name="test_preview_csv_with_invalid_email" time="0.122" /><testcase classname="backend.tests.test_bulk_import.TestPreviewImport" name="test_preview_non_csv_file" time="0.104" /><testcase classname="backend.tests.test_bulk_import.TestPreviewImport" name="test_preview_empty_file" time="0.109" /><testcase classname="backend.tests.test_bulk_import.TestBulkImport" name="test_import_residents_csv" time="0.547" /><testcase classname="backend.tests.test_bulk_import.TestBulkImport" name="test_import_attendings_csv" time="0.127" /><testcase classname="backend.tests.test_bulk_import.TestBulkImport" name="test_import_duplicate_detection" time="0.288" /><testcase classname="backend.tests.test_bulk_import.TestBulkImport" name="test_import_with_skip_duplicates_false" time="0.239" /><testcase classname="backend.tests.test_bulk_import.TestCleanup" name="test_cleanup_test_residents" time="0.917" /><testcase classname="backend.tests.test_bulk_import.TestCleanup" name="test_cleanup_test_attendings" time="0.212"><failure message="AttributeError: 'NoneType' object has no attribute 'lower'">backend/tests/test_bulk_import.py:479: in test_cleanup_test_attendings
    if attending.get("name", "").startswith("TEST_") or "test_" in attending.get("email", "").lower():
                                                                   ^^^^^^^^^^^^^^^^^^^^^^^^^^^^^^^^
E   AttributeError: 'NoneType' object has no attribute 'lower'</failure></testcase></testsuite></testsuites>