<?xml version="1.0" encoding="utf-8"?><testsuites name="pytest tests"><testsuite name="pytest" errors="0" failures="3" skipped="0" tests="31" time="10.971" timestamp="2026-02-24T01:07:43.059699+00:00" hostname="agent-env-e9691af4-a0cf-4181-a678-800ebcc56245"><testcase classname="backend.tests.test_comprehensive_api.TestHealthAndBcryptFix" name="test_health_endpoint" time="0.143" /><testcase classname="backend.tests.test_comprehensive_api.TestLoginBcryptFix" name="test_login_with_test_credentials" time="0.419" /><testcase classname="backend.tests.test_comprehensive_api.TestLoginBcryptFix" name="test_login_invalid_credentials" time="0.137" /><testcase classname="backend.tests.test_comprehensive_api.TestLoginBcryptFix" name="test_get_current_user" time="0.502" /><testcase classname="backend.tests.test_comprehensive_api.TestPatientsCRUD" name="test_create_patient" time="0.575" /><testcase classname="backend.tests.test_comprehensive_api.TestPatientsCRUD" name="test_get_patients" time="0.134" /><testcase classname="backend.tests.test_comprehensive_api.TestPatientsCRUD" name="test_get_patient_by_mrn" time="0.287" /><testcase classname="backend.tests.test_comprehensive_api.TestPatientsCRUD" name="test_update_patient" time="0.406" /><testcase classname="backend.tests.test_comprehensive_api.TestPatientsCRUD" name="test_update_patient_checklist" time="0.246" /><testcase classname="backend.tests.test_comprehensive_api.TestPatientsCRUD" name="test_delete_patient" time="0.424" /><testcase classname="backend.tests.test_comprehensive_api.TestSchedulesAPI" name="test_create_schedule" time="0.155" /><testcase classname="backend.tests.test_comprehensive_api.TestSchedulesAPI" name="test_create_addon_schedule" time="0.140" /><testcase classname="backend.tests.test_comprehensive_api.TestSchedulesAPI" name="test_get_schedules" time="0.126" /><testcase classname="backend.tests.test_comprehensive_api.TestSchedulesAPI" name="test_update_schedule" time="0.255" /><testcase classname="backend.tests.test_comprehensive_api.TestSchedulesAPI" name="test_delete_schedule" time="0.287" /><testcase classname="backend.tests.test_comprehensive_api.TestTasksAPI" name="test_create_task" time="0.124" /><testcase classname="backend.tests.test_comprehensive_api.TestTasksAPI" name="test_get_tasks" time="0.109" /><testcase classname="backend.tests.test_comprehensive_api.TestTasksAPI" name="test_toggle_task" time="0.326" /><testcase classname="backend.tests.test_comprehensive_api.TestTasksAPI" name="test_update_task" time="0.273" /><testcase classname="backend.tests.test_comprehensive_api.TestTasksAPI" name="test_delete_task" time="0.790" /><testcase classname="backend.tests.test_comprehensive_api.TestResidentsAPI" name="test_create_resident" time="3.625" /><testcase classname="backend.tests.test_comprehensive_api.TestResidentsAPI" name="test_get_residents" time="0.140" /><testcase classname="backend.tests.test_comprehensive_api.TestResidentsAPI" name="test_get_active_residents" time="0.154" /><testcase classname="backend.tests.test_comprehensive_api.TestAttendingsAPI" name="test_create_attending" time="0.130" /><testcase classname="backend.tests.test_comprehensive_api.TestAttendingsAPI" name="test_get_attendings" time="0.104" /><testcase classname="backend.tests.test_comprehensive_api.TestAttendingsAPI" name="test_get_active_attendings" time="0.155" /><testcase classname="backend.tests.test_comprehensive_api.TestBulkImportAPI" name="test_get_import_template" time="0.191"><failure message="AssertionError: Get template failed: {&quot;detail&quot;:&quot;Not Found&quot;}&#10;assert 404 == 200&#10; +  where 404 = &lt;Response [404]&gt;.status_code">backend/tests/test_comprehensive_api.py:615: in test_get_import_template
    assert response.status_code == 200, f"Get template failed: {response.text}"
E   AssertionError: Get template failed: {"detail":"Not Found"}
E   assert 404 == 200
E    +  where 404 = &lt;Response [404]&gt;.status_code</failure></testcase><testcase classname="backend.tests.test_comprehensive_api.TestBulkImportAPI" name="test_preview_import" time="0.133"><failure message="AssertionError: Preview import failed: {&quot;detail&quot;:&quot;Not Found&quot;}&#10;assert 404 == 200&#10; +  where 404 = &lt;Response [404]&gt;.status_code">backend/tests/test_comprehensive_api.py:644: in test_preview_import
    assert response.status_code == 200, f"Preview import failed: {response.text}"
E   AssertionError: Preview import failed: {"detail":"Not Found"}
E   assert 404 == 200
E    +  where 404 = &lt;Response [404]&gt;.status_code</failure></testcase><testcase classname="backend.tests.test_comprehensive_api.TestBulkImportAPI" name="test_execute_import" time="0.113"><failure message="AssertionError: Execute import failed: {&quot;detail&quot;:&quot;Not Found&quot;}&#10;assert 404 == 200&#10; +  where 404 = &lt;Response [404]&gt;.status_code">backend/tests/test_comprehensive_api.py:668: in test_execute_import
    assert response.status_code == 200, f"Execute import failed: {response.text}"
E   AssertionError: Execute import failed: {"detail":"Not Found"}
E   assert 404 == 200
E    +  where 404 = &lt;Response [404]&gt;.status_code</failure></testcase><testcase classname="backend.tests.test_comprehensive_api.TestUsageTracking" name="test_get_frequently_used_diagnoses" time="0.112" /><testcase classname="backend.tests.test_comprehensive_api.TestUsageTracking" name="test_get_frequently_used_cpt" time="0.118" /></testsuite></testsuites>