<?xml version="1.0" encoding="utf-8"?><testsuites name="pytest tests"><testsuite name="pytest" errors="0" failures="0" skipped="0" tests="14" time="9.761" timestamp="2026-03-22T02:34:55.482490+00:00" hostname="agent-env-85294737-f30f-46d1-8ea8-006fdfd1491b"><testcase classname="backend.tests.test_preop_checklist_v2.TestDefaultPreopChecklist" name="test_new_patient_has_5_default_items" time="1.280" /><testcase classname="backend.tests.test_preop_checklist_v2.TestDefaultPreopChecklist" name="test_default_items_cannot_be_deleted" time="0.679" /><testcase classname="backend.tests.test_preop_checklist_v2.TestDefaultPreopChecklist" name="test_imaging_item_has_dropdown_type" time="0.510" /><testcase classname="backend.tests.test_preop_checklist_v2.TestCustomChecklistItems" name="test_add_custom_checklist_item" time="0.733" /><testcase classname="backend.tests.test_preop_checklist_v2.TestCustomChecklistItems" name="test_delete_custom_checklist_item" time="1.039" /><testcase classname="backend.tests.test_preop_checklist_v2.TestCustomChecklistItems" name="test_custom_item_empty_text_rejected" time="0.682" /><testcase classname="backend.tests.test_preop_checklist_v2.TestChecklistToggle" name="test_toggle_checklist_item" time="0.957" /><testcase classname="backend.tests.test_preop_checklist_v2.TestAutoGeneratedTasks" name="test_auto_generate_creates_3_tasks" time="1.000" /><testcase classname="backend.tests.test_preop_checklist_v2.TestAutoGeneratedTasks" name="test_auto_generate_disabled_creates_no_tasks" time="0.381" /><testcase classname="backend.tests.test_preop_checklist_v2.TestExistingPatientMigration" name="test_existing_patient_has_5_default_items" time="0.254" /><testcase classname="backend.tests.test_preop_checklist_v2.TestExistingPatientMigration" name="test_patient_602343_has_custom_item" time="0.223" /><testcase classname="backend.tests.test_preop_checklist_v2.TestImagingDropdown" name="test_update_imaging_selection" time="0.913" /><testcase classname="backend.tests.test_preop_checklist_v2.TestProgressCalculation" name="test_progress_includes_custom_items" time="0.912" /><testcase classname="backend.tests.test_preop_checklist_v2.TestImagingOptions" name="test_get_imaging_options" time="0.120" /></testsuite></testsuites>