<?xml version="1.0" encoding="utf-8"?><testsuites name="pytest tests"><testsuite name="pytest" errors="0" failures="0" skipped="0" tests="14" time="1.907" timestamp="2026-03-12T22:54:08.148928+00:00" hostname="agent-env-d06b21e5-82c9-4937-baac-77c1996e32bf"><testcase classname="tests.test_cpt_codes.TestCPTCodeEndpoints" name="test_search_le_fort_returns_orthognathic_codes" time="0.135" /><testcase classname="tests.test_cpt_codes.TestCPTCodeEndpoints" name="test_search_fibula_returns_reconstruction_codes" time="0.128" /><testcase classname="tests.test_cpt_codes.TestCPTCodeEndpoints" name="test_search_bsso_returns_orthognathic_codes" time="0.108" /><testcase classname="tests.test_cpt_codes.TestCPTCodeEndpoints" name="test_search_peg_returns_complex_case_codes" time="0.103" /><testcase classname="tests.test_cpt_codes.TestCPTCodeEndpoints" name="test_search_tracheostomy_returns_codes" time="0.111" /><testcase classname="tests.test_cpt_codes.TestCPTCodeEndpoints" name="test_search_extraction_returns_dentoalveolar_codes" time="0.134" /><testcase classname="tests.test_cpt_codes.TestCPTCodeEndpoints" name="test_search_neck_dissection_returns_oncology_codes" time="0.114" /><testcase classname="tests.test_cpt_codes.TestCPTCodeEndpoints" name="test_search_mand_returns_multiple_categories" time="0.116" /><testcase classname="tests.test_cpt_codes.TestCPTCodeEndpoints" name="test_categories_returns_12_categories" time="0.113" /><testcase classname="tests.test_cpt_codes.TestCPTCodeEndpoints" name="test_all_returns_full_data_with_metadata" time="0.204" /><testcase classname="tests.test_cpt_codes.TestCPTCodeEndpoints" name="test_favorites_returns_codes_without_diagnosis" time="0.153" /><testcase classname="tests.test_cpt_codes.TestCPTCodeEndpoints" name="test_favorites_with_mandible_fracture_returns_trauma_codes" time="0.107" /><testcase classname="tests.test_cpt_codes.TestCPTCodeDataIntegrity" name="test_each_code_has_required_fields" time="0.128" /><testcase classname="tests.test_cpt_codes.TestCPTCodeDataIntegrity" name="test_specific_codes_exist" time="0.137" /></testsuite></testsuites>