<?xml version="1.0" encoding="utf-8"?><testsuites name="pytest tests"><testsuite name="pytest" errors="0" failures="0" skipped="0" tests="15" time="13.696" timestamp="2026-03-23T00:59:12.089212+00:00" hostname="agent-env-85294737-f30f-46d1-8ea8-006fdfd1491b"><testcase classname="tests.test_calendar_api.TestCalendarAPI" name="test_calendar_action_schedule_success" time="1.362" /><testcase classname="tests.test_calendar_api.TestCalendarAPI" name="test_calendar_action_schedule_requires_date" time="0.850" /><testcase classname="tests.test_calendar_api.TestCalendarAPI" name="test_calendar_action_move_to_addon_success" time="1.513" /><testcase classname="tests.test_calendar_api.TestCalendarAPI" name="test_calendar_action_cancel_success" time="1.415" /><testcase classname="tests.test_calendar_api.TestCalendarAPI" name="test_calendar_action_reschedule_success" time="1.342" /><testcase classname="tests.test_calendar_api.TestCalendarAPI" name="test_calendar_action_reschedule_requires_date" time="0.837" /><testcase classname="tests.test_calendar_api.TestCalendarAPI" name="test_calendar_action_creates_activity_log" time="1.249" /><testcase classname="tests.test_calendar_api.TestCalendarAPI" name="test_calendar_action_creates_audit_log" time="1.159" /><testcase classname="tests.test_calendar_api.TestCalendarAPI" name="test_calendar_action_unknown_action_fails" time="0.868" /><testcase classname="tests.test_calendar_api.TestCalendarAPI" name="test_calendar_action_patient_not_found" time="0.614" /><testcase classname="tests.test_calendar_api.TestSchedulesEndpoint" name="test_get_schedules_returns_list" time="0.468" /><testcase classname="tests.test_calendar_api.TestSchedulesEndpoint" name="test_schedules_have_required_fields" time="0.468" /><testcase classname="tests.test_calendar_api.TestConferencesEndpoint" name="test_get_conferences" time="0.459" /><testcase classname="tests.test_calendar_api.TestPatientsEndpoint" name="test_get_patients_returns_list" time="0.525" /><testcase classname="tests.test_calendar_api.TestPatientsEndpoint" name="test_patients_have_status_field" time="0.484" /></testsuite></testsuites>