<?xml version="1.0" encoding="utf-8"?><testsuites name="pytest tests"><testsuite name="pytest" errors="0" failures="0" skipped="0" tests="18" time="7.122" timestamp="2026-03-14T13:36:40.224960+00:00" hostname="agent-env-85294737-f30f-46d1-8ea8-006fdfd1491b"><testcase classname="backend.tests.test_productionization.TestSecurityHeaders" name="test_security_headers_on_health_endpoint" time="0.140" /><testcase classname="backend.tests.test_productionization.TestSecurityHeaders" name="test_security_headers_on_login_endpoint" time="0.604" /><testcase classname="backend.tests.test_productionization.TestLoginAndToken" name="test_login_returns_jwt_token" time="0.397" /><testcase classname="backend.tests.test_productionization.TestLoginAndToken" name="test_login_invalid_credentials" time="0.164" /><testcase classname="backend.tests.test_productionization.TestAuditLogging" name="test_audit_log_created_on_login" time="0.527" /><testcase classname="backend.tests.test_productionization.TestAuditLogging" name="test_audit_log_created_on_patient_view" time="0.725" /><testcase classname="backend.tests.test_productionization.TestAuditLogging" name="test_get_audit_logs_endpoint" time="0.548" /><testcase classname="backend.tests.test_productionization.TestAuditLogging" name="test_audit_logs_query_params" time="0.996" /><testcase classname="backend.tests.test_productionization.TestRateLimiting" name="test_rate_limit_configured" time="1.221" /><testcase classname="backend.tests.test_productionization.TestPatientCRUD" name="test_get_patients" time="0.596" /><testcase classname="backend.tests.test_productionization.TestPatientCRUD" name="test_create_patient_with_tasks" time="1.097" /><testcase classname="backend.tests.test_productionization.TestFileExistence" name="test_backend_dockerfile_exists" time="0.000" /><testcase classname="backend.tests.test_productionization.TestFileExistence" name="test_frontend_dockerfile_exists" time="0.000" /><testcase classname="backend.tests.test_productionization.TestFileExistence" name="test_nginx_conf_exists" time="0.000" /><testcase classname="backend.tests.test_productionization.TestFileExistence" name="test_docker_compose_exists" time="0.000" /><testcase classname="backend.tests.test_productionization.TestFileExistence" name="test_env_example_exists" time="0.000" /><testcase classname="backend.tests.test_productionization.TestFileExistence" name="test_task_definition_exists" time="0.000" /><testcase classname="backend.tests.test_productionization.TestFileExistence" name="test_buildspec_exists" time="0.000" /></testsuite></testsuites>