<?xml version="1.0" encoding="utf-8"?><testsuites name="pytest tests"><testsuite name="pytest" errors="0" failures="0" skipped="0" tests="17" time="4.799" timestamp="2026-02-20T03:58:05.313445+00:00" hostname="agent-env-5a17e876-1d5a-42c8-bd9e-1886a4b891b1"><testcase classname="backend.tests.test_bulk_import.TestBulkImportSetup" name="test_health_check" time="0.138" /><testcase classname="backend.tests.test_bulk_import.TestTemplateDownload" name="test_download_residents_template" time="0.495" /><testcase classname="backend.tests.test_bulk_import.TestTemplateDownload" name="test_download_attendings_template" time="0.115" /><testcase classname="backend.tests.test_bulk_import.TestTemplateDownload" name="test_download_invalid_entity_type" time="0.163" /><testcase classname="backend.tests.test_bulk_import.TestTemplateDownload" name="test_download_without_auth" time="0.116" /><testcase classname="backend.tests.test_bulk_import.TestPreviewImport" name="test_preview_valid_residents_csv" time="0.526" /><testcase classname="backend.tests.test_bulk_import.TestPreviewImport" name="test_preview_valid_attendings_csv" time="0.130" /><testcase classname="backend.tests.test_bulk_import.TestPreviewImport" name="test_preview_csv_with_missing_required_fields" time="0.102" /><testcase classname="backend.tests.test_bulk_import.TestPreviewImport" name="test_preview_csv_with_invalid_email" time="0.105" /><testcase classname="backend.tests.test_bulk_import.TestPreviewImport" name="test_preview_non_csv_file" time="0.127" /><testcase classname="backend.tests.test_bulk_import.TestPreviewImport" name="test_preview_empty_file" time="0.108" /><testcase classname="backend.tests.test_bulk_import.TestBulkImport" name="test_import_residents_csv" time="0.573" /><testcase classname="backend.tests.test_bulk_import.TestBulkImport" name="test_import_attendings_csv" time="0.124" /><testcase classname="backend.tests.test_bulk_import.TestBulkImport" name="test_import_duplicate_detection" time="0.210" /><testcase classname="backend.tests.test_bulk_import.TestBulkImport" name="test_import_with_skip_duplicates_false" time="0.220" /><testcase classname="backend.tests.test_bulk_import.TestCleanup" name="test_cleanup_test_residents" time="0.919" /><testcase classname="backend.tests.test_bulk_import.TestCleanup" name="test_cleanup_test_attendings" time="0.549" /></testsuite></testsuites>