<?xml version="1.0" encoding="utf-8"?><testsuites name="pytest tests"><testsuite name="pytest" errors="0" failures="2" skipped="0" tests="17" time="2.106" timestamp="2026-02-01T03:49:13.403177+00:00" hostname="agent-env-fc746887-7a1b-47a4-bf56-76d2dff0f9f2"><testcase classname="backend.tests.test_auth_and_settings.TestHealthCheck" name="test_health_endpoint" time="0.101" /><testcase classname="backend.tests.test_auth_and_settings.TestAuthentication" name="test_register_new_user" time="0.300" /><testcase classname="backend.tests.test_auth_and_settings.TestAuthentication" name="test_login_with_valid_credentials" time="0.306" /><testcase classname="backend.tests.test_auth_and_settings.TestAuthentication" name="test_login_with_invalid_credentials" time="0.044" /><testcase classname="backend.tests.test_auth_and_settings.TestAuthentication" name="test_get_current_user_with_valid_token" time="0.045" /><testcase classname="backend.tests.test_auth_and_settings.TestAuthentication" name="test_get_current_user_with_invalid_token" time="0.040"><failure message="assert 520 == 401&#10; +  where 520 = &lt;Response [520]&gt;.status_code">backend/tests/test_auth_and_settings.py:118: in test_get_current_user_with_invalid_token
    assert response.status_code == 401
E   assert 520 == 401
E    +  where 520 = &lt;Response [520]&gt;.status_code</failure></testcase><testcase classname="backend.tests.test_auth_and_settings.TestResidentsCRUD" name="test_create_resident" time="0.341" /><testcase classname="backend.tests.test_auth_and_settings.TestResidentsCRUD" name="test_create_resident_without_auth" time="0.035" /><testcase classname="backend.tests.test_auth_and_settings.TestResidentsCRUD" name="test_get_residents" time="0.037" /><testcase classname="backend.tests.test_auth_and_settings.TestResidentsCRUD" name="test_get_active_residents" time="0.041" /><testcase classname="backend.tests.test_auth_and_settings.TestResidentsCRUD" name="test_create_resident_missing_required_fields" time="0.076" /><testcase classname="backend.tests.test_auth_and_settings.TestAttendingsCRUD" name="test_create_attending" time="0.338" /><testcase classname="backend.tests.test_auth_and_settings.TestAttendingsCRUD" name="test_create_attending_without_auth" time="0.034" /><testcase classname="backend.tests.test_auth_and_settings.TestAttendingsCRUD" name="test_get_attendings" time="0.078" /><testcase classname="backend.tests.test_auth_and_settings.TestAttendingsCRUD" name="test_get_active_attendings" time="0.073" /><testcase classname="backend.tests.test_auth_and_settings.TestTokenExpiration" name="test_expired_token_returns_401" time="0.031"><failure message="assert 520 == 401&#10; +  where 520 = &lt;Response [520]&gt;.status_code">backend/tests/test_auth_and_settings.py:321: in test_expired_token_returns_401
    assert response.status_code == 401
E   assert 520 == 401
E    +  where 520 = &lt;Response [520]&gt;.status_code</failure></testcase><testcase classname="backend.tests.test_auth_and_settings.TestTokenExpiration" name="test_missing_token_returns_401_or_403" time="0.033" /></testsuite></testsuites>