<?xml version="1.0" encoding="utf-8"?><testsuites name="pytest tests"><testsuite name="pytest" errors="0" failures="0" skipped="0" tests="12" time="11.882" timestamp="2026-03-10T23:14:29.405271+00:00" hostname="agent-env-fab30c26-21da-45ee-9442-5de06ceb7833"><testcase classname="backend.tests.test_unified_patients.TestUnifiedPatientsBackend" name="test_01_health_check" time="0.203" /><testcase classname="backend.tests.test_unified_patients.TestUnifiedPatientsBackend" name="test_02_login_success" time="0.572" /><testcase classname="backend.tests.test_unified_patients.TestUnifiedPatientsBackend" name="test_03_create_patient_with_tasks_addon" time="2.010" /><testcase classname="backend.tests.test_unified_patients.TestUnifiedPatientsBackend" name="test_04_create_patient_with_tasks_scheduled" time="1.717" /><testcase classname="backend.tests.test_unified_patients.TestUnifiedPatientsBackend" name="test_05_create_patient_without_auto_tasks" time="0.323" /><testcase classname="backend.tests.test_unified_patients.TestUnifiedPatientsBackend" name="test_06_get_patients_with_tasks" time="0.200" /><testcase classname="backend.tests.test_unified_patients.TestUnifiedPatientsBackend" name="test_07_toggle_preop_checklist_item" time="0.782" /><testcase classname="backend.tests.test_unified_patients.TestUnifiedPatientsBackend" name="test_08_toggle_invalid_checklist_item" time="0.504" /><testcase classname="backend.tests.test_unified_patients.TestUnifiedPatientsBackend" name="test_09_get_single_patient_with_tasks" time="1.682" /><testcase classname="backend.tests.test_unified_patients.TestUnifiedPatientsBackend" name="test_10_task_toggle_endpoint" time="1.863" /><testcase classname="backend.tests.test_unified_patients.TestUnifiedPatientsBackend" name="test_11_task_delete_endpoint" time="1.708" /><testcase classname="backend.tests.test_unified_patients.TestUnifiedPatientsBackend" name="test_12_unauthorized_access" time="0.233" /></testsuite></testsuites>