<?xml version="1.0" encoding="utf-8"?><testsuites name="pytest tests"><testsuite name="pytest" errors="0" failures="0" skipped="0" tests="11" time="4.760" timestamp="2026-03-11T11:30:12.647895+00:00" hostname="agent-env-d06b21e5-82c9-4937-baac-77c1996e32bf"><testcase classname="tests.test_imaging_fix.TestAuthentication" name="test_login_success" time="0.555" /><testcase classname="tests.test_imaging_fix.TestImagingEndpointFix" name="test_imaging_endpoint_saves_selection" time="0.623" /><testcase classname="tests.test_imaging_fix.TestImagingEndpointFix" name="test_imaging_selection_persists_in_database" time="0.197" /><testcase classname="tests.test_imaging_fix.TestImagingEndpointFix" name="test_clear_imaging_selection" time="0.202" /><testcase classname="tests.test_imaging_fix.TestRegularChecklistToggle" name="test_toggle_labs_ordered" time="0.565" /><testcase classname="tests.test_imaging_fix.TestRegularChecklistToggle" name="test_toggle_medical_optimization" time="0.184" /><testcase classname="tests.test_imaging_fix.TestPatientWithTasksAPI" name="test_patients_with_tasks_returns_normalized_checklist" time="0.541" /><testcase classname="tests.test_imaging_fix.TestQuickAddPatient" name="test_create_patient_with_auto_tasks" time="0.786" /><testcase classname="tests.test_imaging_fix.TestQuickAddPatient" name="test_imaging_on_new_patient" time="0.321" /><testcase classname="tests.test_imaging_fix.TestImagingOptions" name="test_get_imaging_options" time="0.121" /><testcase classname="tests.test_imaging_fix.TestRouteOrderVerification" name="test_imaging_route_not_caught_by_generic_route" time="0.566" /></testsuite></testsuites>