<?xml version="1.0" encoding="utf-8"?><testsuites name="pytest tests"><testsuite name="pytest" errors="0" failures="0" skipped="0" tests="11" time="7.400" timestamp="2026-03-05T15:30:38.879761+00:00" hostname="agent-env-fab30c26-21da-45ee-9442-5de06ceb7833"><testcase classname="backend.tests.test_notification_system.TestNotificationSystem" name="test_get_notification_summary_success" time="0.768" /><testcase classname="backend.tests.test_notification_system.TestNotificationSystem" name="test_get_notifications_success" time="0.463" /><testcase classname="backend.tests.test_notification_system.TestNotificationSystem" name="test_get_unread_notifications_success" time="0.487" /><testcase classname="backend.tests.test_notification_system.TestNotificationSystem" name="test_get_notification_preferences_success" time="0.494" /><testcase classname="backend.tests.test_notification_system.TestNotificationSystem" name="test_update_notification_preferences_success" time="0.747" /><testcase classname="backend.tests.test_notification_system.TestNotificationSystem" name="test_generate_task_notifications_success" time="0.567" /><testcase classname="backend.tests.test_notification_system.TestNotificationSystem" name="test_mark_all_notifications_read_success" time="0.582" /><testcase classname="backend.tests.test_notification_system.TestNotificationSystem" name="test_notification_read_and_dismiss_flow" time="0.796" /><testcase classname="backend.tests.test_notification_system.TestNotificationSystem" name="test_notifications_unauthorized" time="0.619" /><testcase classname="backend.tests.test_notification_system.TestNotificationPreferencesValidation" name="test_preferences_toggle_in_app" time="1.096" /><testcase classname="backend.tests.test_notification_system.TestNotificationPreferencesValidation" name="test_preferences_toggle_notification_types" time="0.713" /></testsuite></testsuites>