<?xml version="1.0" encoding="utf-8"?><testsuites name="pytest tests"><testsuite name="pytest" errors="0" failures="0" skipped="0" tests="17" time="8.722" timestamp="2026-02-26T17:03:47.667216+00:00" hostname="agent-env-530fe9f5-70a9-46fe-b135-4e1a1d3280e9"><testcase classname="backend.tests.test_drag_drop_scheduling.TestAuthentication" name="test_login_success" time="0.664" /><testcase classname="backend.tests.test_drag_drop_scheduling.TestScheduleOperations" name="test_get_schedules" time="0.727" /><testcase classname="backend.tests.test_drag_drop_scheduling.TestScheduleOperations" name="test_create_addon_schedule" time="0.468" /><testcase classname="backend.tests.test_drag_drop_scheduling.TestScheduleOperations" name="test_partial_update_schedule_for_drag_drop" time="0.926" /><testcase classname="backend.tests.test_drag_drop_scheduling.TestScheduleOperations" name="test_cancel_case_return_to_addon" time="0.838" /><testcase classname="backend.tests.test_drag_drop_scheduling.TestTaskCategoryFeatures" name="test_create_task_with_category" time="0.846" /><testcase classname="backend.tests.test_drag_drop_scheduling.TestTaskCategoryFeatures" name="test_create_task_insurance_category" time="0.373" /><testcase classname="backend.tests.test_drag_drop_scheduling.TestTaskCategoryFeatures" name="test_create_task_surgical_planning_category" time="0.367" /><testcase classname="backend.tests.test_drag_drop_scheduling.TestTaskCategoryFeatures" name="test_create_task_without_category" time="0.454" /><testcase classname="backend.tests.test_drag_drop_scheduling.TestTaskCategoryFeatures" name="test_get_tasks_with_categories" time="0.178" /><testcase classname="backend.tests.test_drag_drop_scheduling.TestPatientOperations" name="test_get_patients" time="0.552" /><testcase classname="backend.tests.test_drag_drop_scheduling.TestPatientOperations" name="test_get_patient_by_mrn" time="0.165" /><testcase classname="backend.tests.test_drag_drop_scheduling.TestPatientOperations" name="test_update_patient_checklist" time="0.174" /><testcase classname="backend.tests.test_drag_drop_scheduling.TestAttendingsAndResidents" name="test_get_active_attendings" time="0.698" /><testcase classname="backend.tests.test_drag_drop_scheduling.TestAttendingsAndResidents" name="test_get_active_residents" time="0.158" /><testcase classname="backend.tests.test_drag_drop_scheduling.TestCleanup" name="test_cleanup_test_schedules" time="0.851" /><testcase classname="backend.tests.test_drag_drop_scheduling.TestCleanup" name="test_cleanup_test_tasks" time="0.210" /></testsuite></testsuites>