<?xml version="1.0" encoding="utf-8"?><testsuites name="pytest tests"><testsuite name="pytest" errors="0" failures="0" skipped="0" tests="32" time="10.068" timestamp="2026-02-24T01:08:34.815441+00:00" hostname="agent-env-e9691af4-a0cf-4181-a678-800ebcc56245"><testcase classname="backend.tests.test_comprehensive_api.TestHealthAndBcryptFix" name="test_health_endpoint" time="0.188" /><testcase classname="backend.tests.test_comprehensive_api.TestLoginBcryptFix" name="test_login_with_test_credentials" time="0.392" /><testcase classname="backend.tests.test_comprehensive_api.TestLoginBcryptFix" name="test_login_invalid_credentials" time="0.218" /><testcase classname="backend.tests.test_comprehensive_api.TestLoginBcryptFix" name="test_get_current_user" time="0.475" /><testcase classname="backend.tests.test_comprehensive_api.TestPatientsCRUD" name="test_create_patient" time="0.464" /><testcase classname="backend.tests.test_comprehensive_api.TestPatientsCRUD" name="test_get_patients" time="0.156" /><testcase classname="backend.tests.test_comprehensive_api.TestPatientsCRUD" name="test_get_patient_by_mrn" time="0.378" /><testcase classname="backend.tests.test_comprehensive_api.TestPatientsCRUD" name="test_update_patient" time="0.399" /><testcase classname="backend.tests.test_comprehensive_api.TestPatientsCRUD" name="test_update_patient_checklist" time="0.280" /><testcase classname="backend.tests.test_comprehensive_api.TestPatientsCRUD" name="test_delete_patient" time="1.214" /><testcase classname="backend.tests.test_comprehensive_api.TestSchedulesAPI" name="test_create_schedule" time="0.158" /><testcase classname="backend.tests.test_comprehensive_api.TestSchedulesAPI" name="test_create_addon_schedule" time="0.155" /><testcase classname="backend.tests.test_comprehensive_api.TestSchedulesAPI" name="test_get_schedules" time="0.135" /><testcase classname="backend.tests.test_comprehensive_api.TestSchedulesAPI" name="test_update_schedule" time="0.268" /><testcase classname="backend.tests.test_comprehensive_api.TestSchedulesAPI" name="test_delete_schedule" time="0.786" /><testcase classname="backend.tests.test_comprehensive_api.TestTasksAPI" name="test_create_task" time="0.152" /><testcase classname="backend.tests.test_comprehensive_api.TestTasksAPI" name="test_get_tasks" time="0.174" /><testcase classname="backend.tests.test_comprehensive_api.TestTasksAPI" name="test_toggle_task" time="0.629" /><testcase classname="backend.tests.test_comprehensive_api.TestTasksAPI" name="test_update_task" time="0.300" /><testcase classname="backend.tests.test_comprehensive_api.TestTasksAPI" name="test_delete_task" time="0.331" /><testcase classname="backend.tests.test_comprehensive_api.TestResidentsAPI" name="test_create_resident" time="0.135" /><testcase classname="backend.tests.test_comprehensive_api.TestResidentsAPI" name="test_get_residents" time="0.997" /><testcase classname="backend.tests.test_comprehensive_api.TestResidentsAPI" name="test_get_active_residents" time="0.132" /><testcase classname="backend.tests.test_comprehensive_api.TestAttendingsAPI" name="test_create_attending" time="0.128" /><testcase classname="backend.tests.test_comprehensive_api.TestAttendingsAPI" name="test_get_attendings" time="0.146" /><testcase classname="backend.tests.test_comprehensive_api.TestAttendingsAPI" name="test_get_active_attendings" time="0.140" /><testcase classname="backend.tests.test_comprehensive_api.TestBulkImportAPI" name="test_get_residents_import_template" time="0.131" /><testcase classname="backend.tests.test_comprehensive_api.TestBulkImportAPI" name="test_get_attendings_import_template" time="0.114" /><testcase classname="backend.tests.test_comprehensive_api.TestBulkImportAPI" name="test_preview_residents_import" time="0.110" /><testcase classname="backend.tests.test_comprehensive_api.TestBulkImportAPI" name="test_execute_residents_import" time="0.457" /><testcase classname="backend.tests.test_comprehensive_api.TestUsageTracking" name="test_get_frequently_used_diagnoses" time="0.131" /><testcase classname="backend.tests.test_comprehensive_api.TestUsageTracking" name="test_get_frequently_used_cpt" time="0.129" /></testsuite></testsuites>