<?xml version="1.0" encoding="utf-8"?><testsuites name="pytest tests"><testsuite name="pytest" errors="0" failures="0" skipped="0" tests="10" time="4.760" timestamp="2026-04-10T13:37:49.075518+00:00" hostname="agent-env-42fc4c05-f46d-45d8-9dca-dc98e700ae5f"><testcase classname="backend.tests.test_appointment_dates.TestAppointmentDatesEndpoint" name="test_get_patient_andrew_burton_has_dates" time="0.938" /><testcase classname="backend.tests.test_appointment_dates.TestAppointmentDatesEndpoint" name="test_update_last_clinic_appointment" time="0.564" /><testcase classname="backend.tests.test_appointment_dates.TestAppointmentDatesEndpoint" name="test_update_records_appointment" time="0.377" /><testcase classname="backend.tests.test_appointment_dates.TestAppointmentDatesEndpoint" name="test_update_both_dates_at_once" time="0.387" /><testcase classname="backend.tests.test_appointment_dates.TestAppointmentDatesEndpoint" name="test_set_dates_for_friedderich_will" time="0.431" /><testcase classname="backend.tests.test_appointment_dates.TestAppointmentDatesEndpoint" name="test_clear_date_with_null" time="0.671" /><testcase classname="backend.tests.test_appointment_dates.TestAppointmentDatesEndpoint" name="test_activity_log_records_date_changes" time="0.630" /><testcase classname="backend.tests.test_appointment_dates.TestAppointmentDatesEndpoint" name="test_invalid_patient_mrn_returns_404" time="0.136" /><testcase classname="backend.tests.test_appointment_dates.TestAppointmentDatesEndpoint" name="test_no_changes_returns_no_changes_message" time="0.298" /><testcase classname="backend.tests.test_appointment_dates.TestPatientWithTasksEndpoint" name="test_patients_with_tasks_includes_date_fields" time="0.262" /></testsuite></testsuites>