<?xml version="1.0" encoding="utf-8"?><testsuites name="pytest tests"><testsuite name="pytest" errors="0" failures="0" skipped="0" tests="17" time="5.089" timestamp="2026-02-26T04:29:10.229536+00:00" hostname="agent-env-530fe9f5-70a9-46fe-b135-4e1a1d3280e9"><testcase classname="backend.tests.test_webauthn_persistent_login.TestHealthCheck" name="test_health_endpoint" time="0.125" /><testcase classname="backend.tests.test_webauthn_persistent_login.TestLoginAndTokenExpiration" name="test_login_success" time="0.585" /><testcase classname="backend.tests.test_webauthn_persistent_login.TestLoginAndTokenExpiration" name="test_token_expiration_30_days" time="0.376" /><testcase classname="backend.tests.test_webauthn_persistent_login.TestLoginAndTokenExpiration" name="test_login_invalid_credentials" time="0.353" /><testcase classname="backend.tests.test_webauthn_persistent_login.TestAuthMeEndpoint" name="test_auth_me_returns_user_info" time="0.550" /><testcase classname="backend.tests.test_webauthn_persistent_login.TestAuthMeEndpoint" name="test_auth_me_without_token_returns_401" time="0.116" /><testcase classname="backend.tests.test_webauthn_persistent_login.TestAuthMeEndpoint" name="test_auth_me_with_invalid_token_returns_401" time="0.114" /><testcase classname="backend.tests.test_webauthn_persistent_login.TestWebAuthnCheckEndpoint" name="test_webauthn_check_returns_status" time="0.137" /><testcase classname="backend.tests.test_webauthn_persistent_login.TestWebAuthnCheckEndpoint" name="test_webauthn_check_nonexistent_user" time="0.136" /><testcase classname="backend.tests.test_webauthn_persistent_login.TestWebAuthnRegisterOptions" name="test_register_options_requires_auth" time="0.102" /><testcase classname="backend.tests.test_webauthn_persistent_login.TestWebAuthnRegisterOptions" name="test_register_options_returns_options" time="0.717" /><testcase classname="backend.tests.test_webauthn_persistent_login.TestWebAuthnLoginOptions" name="test_login_options_for_user_without_webauthn" time="0.296" /><testcase classname="backend.tests.test_webauthn_persistent_login.TestTokenValidation" name="test_expired_token_rejected" time="0.105" /><testcase classname="backend.tests.test_webauthn_persistent_login.TestProtectedEndpoints" name="test_patients_endpoint_requires_auth" time="0.101" /><testcase classname="backend.tests.test_webauthn_persistent_login.TestProtectedEndpoints" name="test_patients_endpoint_with_auth" time="0.492" /><testcase classname="backend.tests.test_webauthn_persistent_login.TestProtectedEndpoints" name="test_schedules_endpoint_requires_auth" time="0.121" /><testcase classname="backend.tests.test_webauthn_persistent_login.TestProtectedEndpoints" name="test_schedules_endpoint_with_auth" time="0.570" /></testsuite></testsuites>