<?xml version="1.0" encoding="utf-8"?><testsuites name="pytest tests"><testsuite name="pytest" errors="0" failures="0" skipped="0" tests="28" time="8.842" timestamp="2026-02-03T23:27:21.447278+00:00" hostname="agent-env-9f6af66e-f78c-42ec-b722-9097444df3f1"><testcase classname="backend.tests.test_google_oauth_and_features.TestHealthAndAuth" name="test_health_endpoint" time="0.077" /><testcase classname="backend.tests.test_google_oauth_and_features.TestHealthAndAuth" name="test_register_new_user" time="0.298" /><testcase classname="backend.tests.test_google_oauth_and_features.TestHealthAndAuth" name="test_login_user" time="0.261" /><testcase classname="backend.tests.test_google_oauth_and_features.TestHealthAndAuth" name="test_login_invalid_credentials" time="0.037" /><testcase classname="backend.tests.test_google_oauth_and_features.TestGoogleOAuth" name="test_google_auth_url_endpoint" time="0.298" /><testcase classname="backend.tests.test_google_oauth_and_features.TestGoogleOAuth" name="test_google_auth_url_requires_auth" time="0.331" /><testcase classname="backend.tests.test_google_oauth_and_features.TestGoogleOAuth" name="test_google_status_endpoint" time="0.329" /><testcase classname="backend.tests.test_google_oauth_and_features.TestGoogleOAuth" name="test_google_disconnect_endpoint" time="0.338" /><testcase classname="backend.tests.test_google_oauth_and_features.TestGoogleOAuth" name="test_google_calendar_events_not_connected" time="0.333" /><testcase classname="backend.tests.test_google_oauth_and_features.TestGoogleOAuth" name="test_google_gmail_messages_not_connected" time="0.327" /><testcase classname="backend.tests.test_google_oauth_and_features.TestPatientCRUD" name="test_create_patient" time="0.296" /><testcase classname="backend.tests.test_google_oauth_and_features.TestPatientCRUD" name="test_get_patients" time="0.324" /><testcase classname="backend.tests.test_google_oauth_and_features.TestPatientCRUD" name="test_get_patient_by_mrn" time="0.409" /><testcase classname="backend.tests.test_google_oauth_and_features.TestPatientCRUD" name="test_update_patient" time="0.357" /><testcase classname="backend.tests.test_google_oauth_and_features.TestPatientCRUD" name="test_delete_patient" time="0.437" /><testcase classname="backend.tests.test_google_oauth_and_features.TestPatientCRUD" name="test_update_patient_checklist" time="0.415" /><testcase classname="backend.tests.test_google_oauth_and_features.TestResidentAttendingManagement" name="test_create_resident" time="0.317" /><testcase classname="backend.tests.test_google_oauth_and_features.TestResidentAttendingManagement" name="test_get_residents" time="0.338" /><testcase classname="backend.tests.test_google_oauth_and_features.TestResidentAttendingManagement" name="test_get_active_residents" time="0.327" /><testcase classname="backend.tests.test_google_oauth_and_features.TestResidentAttendingManagement" name="test_create_attending" time="0.326" /><testcase classname="backend.tests.test_google_oauth_and_features.TestResidentAttendingManagement" name="test_create_attending_without_email" time="0.326" /><testcase classname="backend.tests.test_google_oauth_and_features.TestResidentAttendingManagement" name="test_get_attendings" time="0.291" /><testcase classname="backend.tests.test_google_oauth_and_features.TestResidentAttendingManagement" name="test_get_active_attendings" time="0.324" /><testcase classname="backend.tests.test_google_oauth_and_features.TestSchedulesAndTasks" name="test_create_schedule" time="0.308" /><testcase classname="backend.tests.test_google_oauth_and_features.TestSchedulesAndTasks" name="test_get_schedules" time="0.332" /><testcase classname="backend.tests.test_google_oauth_and_features.TestSchedulesAndTasks" name="test_create_task" time="0.304" /><testcase classname="backend.tests.test_google_oauth_and_features.TestSchedulesAndTasks" name="test_get_tasks" time="0.318" /><testcase classname="backend.tests.test_google_oauth_and_features.TestSchedulesAndTasks" name="test_toggle_task" time="0.369" /></testsuite></testsuites>