<?xml version="1.0" encoding="utf-8"?><testsuites name="pytest tests"><testsuite name="pytest" errors="0" failures="0" skipped="0" tests="22" time="10.872" timestamp="2026-04-04T02:20:39.810446+00:00" hostname="agent-env-ffde708d-4127-4183-9c53-0c3a0108868f"><testcase classname="backend.tests.test_smoke_comprehensive.TestHealthEndpoints" name="test_api_health_endpoint" time="0.130" /><testcase classname="backend.tests.test_smoke_comprehensive.TestHealthEndpoints" name="test_root_health_returns_frontend" time="0.118" /><testcase classname="backend.tests.test_smoke_comprehensive.TestAuthentication" name="test_login_success" time="0.394" /><testcase classname="backend.tests.test_smoke_comprehensive.TestAuthentication" name="test_login_returns_user_info" time="0.402" /><testcase classname="backend.tests.test_smoke_comprehensive.TestAuthentication" name="test_login_invalid_credentials" time="0.190" /><testcase classname="backend.tests.test_smoke_comprehensive.TestAuthentication" name="test_get_current_user" time="0.174" /><testcase classname="backend.tests.test_smoke_comprehensive.TestPatientsAPI" name="test_get_patients" time="0.561" /><testcase classname="backend.tests.test_smoke_comprehensive.TestPatientsAPI" name="test_get_patients_with_tasks" time="0.255" /><testcase classname="backend.tests.test_smoke_comprehensive.TestPatientsAPI" name="test_create_patient_with_tasks" time="0.951" /><testcase classname="backend.tests.test_smoke_comprehensive.TestPatientsAPI" name="test_create_scheduled_patient" time="1.165" /><testcase classname="backend.tests.test_smoke_comprehensive.TestSchedulesAPI" name="test_get_schedules" time="0.513" /><testcase classname="backend.tests.test_smoke_comprehensive.TestTasksAPI" name="test_get_tasks" time="0.623" /><testcase classname="backend.tests.test_smoke_comprehensive.TestTasksAPI" name="test_create_and_toggle_task" time="0.489" /><testcase classname="backend.tests.test_smoke_comprehensive.TestAttendingsAndResidents" name="test_get_active_attendings" time="0.515" /><testcase classname="backend.tests.test_smoke_comprehensive.TestAttendingsAndResidents" name="test_get_active_residents" time="0.152" /><testcase classname="backend.tests.test_smoke_comprehensive.TestConferencesAPI" name="test_get_conferences" time="0.520" /><testcase classname="backend.tests.test_smoke_comprehensive.TestPreOpChecklist" name="test_get_imaging_options" time="0.480" /><testcase classname="backend.tests.test_smoke_comprehensive.TestCalendarActions" name="test_calendar_schedule_action" time="1.352" /><testcase classname="backend.tests.test_smoke_comprehensive.TestCPTCodes" name="test_get_all_cpt_codes" time="0.560" /><testcase classname="backend.tests.test_smoke_comprehensive.TestCPTCodes" name="test_search_cpt_codes" time="0.107" /><testcase classname="backend.tests.test_smoke_comprehensive.TestDiagnoses" name="test_get_frequently_used_diagnoses" time="0.561" /><testcase classname="backend.tests.test_smoke_comprehensive.TestUsers" name="test_get_users" time="0.566" /></testsuite></testsuites>